<?xml version="1.0" encoding="UTF-8"?>
<!-- Generated by org.testng.reporters.JUnitReportReporter -->
<testsuite skipped="0" hostname="ASI-PF0MM1V0" name="practice.GridFrameworkTest" tests="1" failures="0" timestamp="28 Jun 2018 07:46:34 GMT" time="29.370" errors="0">
  <testcase name="testA" time="29.370" classname="practice.GridFrameworkTest"/>
</testsuite> <!-- practice.GridFrameworkTest -->
