<?xml version="1.0" encoding="UTF-8"?>
<!-- Generated by org.testng.reporters.JUnitReportReporter -->
<testsuite skipped="0" hostname="ASI-PF0MM1V0" name="practice.DemoGridTTest" tests="1" failures="0" timestamp="28 Jun 2018 07:33:42 GMT" time="9.430" errors="0">
  <testcase name="testGrid" time="9.430" classname="practice.DemoGridTTest"/>
</testsuite> <!-- practice.DemoGridTTest -->
